<?xml version="1.0" encoding="UTF-8"?>
<!-- Generated by org.testng.reporters.JUnitReportReporter -->
<testsuite skipped="0" hostname="User" name="sathyatest.ProductPayment" tests="1" failures="0" timestamp="03 Jul 2019 06:17:16 GMT" time="320.510" errors="0">
  <testcase name="paymentProcess" time="320.510" classname="sathyatest.ProductPayment"/>
</testsuite> <!-- sathyatest.ProductPayment -->
