<?xml version="1.0" encoding="UTF-8"?>
<!-- Generated by org.testng.reporters.JUnitReportReporter -->
<testsuite skipped="0" hostname="User" name="sathyatest.ProductExcelWrite" tests="2" failures="0" timestamp="03 Jul 2019 06:17:16 GMT" time="89.336" errors="0">
  <testcase name="generalMtd" time="54.278" classname="sathyatest.ProductExcelWrite"/>
  <testcase name="generalMtd" time="35.058" classname="sathyatest.ProductExcelWrite"/>
</testsuite> <!-- sathyatest.ProductExcelWrite -->
